<?xml version="1.0" encoding="UTF-8"?>
<!-- Generated by org.testng.reporters.JUnitReportReporter -->
<testsuite skipped="0" hostname="lenovo-PC" name="com.Hubspot.trial.TrialProgram" tests="2" failures="0" timestamp="13 Jun 2018 18:59:03 GMT" time="9.174" errors="0">
  <testcase name="TestCompany" time="9.168" classname="com.Hubspot.trial.TrialProgram"/>
  <testcase name="LaunchPage" time="0.006" classname="com.Hubspot.trial.TrialProgram"/>
</testsuite> <!-- com.Hubspot.trial.TrialProgram -->
